<?xml version="1.0" encoding="UTF-8"?>
<testsuite xmlns:xsi="http://www.w3.org/2001/XMLSchema-instance" xsi:noNamespaceSchemaLocation="https://maven.apache.org/surefire/maven-surefire-plugin/xsd/surefire-test-report.xsd" name="com.alex.homework4example.repository.AccountRepositoryTest" time="0.121" tests="7" errors="0" skipped="0" failures="0">
  <properties>
    <property name="java.specification.version" value="21"/>
    <property name="sun.jnu.encoding" value="UTF-8"/>
    <property name="java.class.path" value="/Users/o.d.galimov/Desktop/homework-3 2/target/test-classes:/Users/o.d.galimov/Desktop/homework-3 2/target/classes:/Users/o.d.galimov/.m2/repository/org/springframework/spring-core/6.1.12/spring-core-6.1.12.jar:/Users/o.d.galimov/.m2/repository/org/springframework/spring-jcl/6.1.12/spring-jcl-6.1.12.jar:/Users/o.d.galimov/.m2/repository/org/springframework/spring-context/6.1.12/spring-context-6.1.12.jar:/Users/o.d.galimov/.m2/repository/org/springframework/spring-aop/6.1.12/spring-aop-6.1.12.jar:/Users/o.d.galimov/.m2/repository/org/springframework/spring-beans/6.1.12/spring-beans-6.1.12.jar:/Users/o.d.galimov/.m2/repository/org/springframework/spring-expression/6.1.12/spring-expression-6.1.12.jar:/Users/o.d.galimov/.m2/repository/io/micrometer/micrometer-observation/1.12.9/micrometer-observation-1.12.9.jar:/Users/o.d.galimov/.m2/repository/io/micrometer/micrometer-commons/1.12.9/micrometer-commons-1.12.9.jar:/Users/o.d.galimov/.m2/repository/org/springframework/spring-orm/6.1.12/spring-orm-6.1.12.jar:/Users/o.d.galimov/.m2/repository/org/springframework/spring-tx/6.1.12/spring-tx-6.1.12.jar:/Users/o.d.galimov/.m2/repository/org/springframework/spring-jdbc/6.1.12/spring-jdbc-6.1.12.jar:/Users/o.d.galimov/.m2/repository/org/projectlombok/lombok/1.18.34/lombok-1.18.34.jar:/Users/o.d.galimov/.m2/repository/org/liquibase/liquibase-core/4.5.0/liquibase-core-4.5.0.jar:/Users/o.d.galimov/.m2/repository/javax/xml/bind/jaxb-api/2.3.0/jaxb-api-2.3.0.jar:/Users/o.d.galimov/.m2/repository/org/postgresql/postgresql/42.3.0/postgresql-42.3.0.jar:/Users/o.d.galimov/.m2/repository/org/checkerframework/checker-qual/3.5.0/checker-qual-3.5.0.jar:/Users/o.d.galimov/.m2/repository/com/fasterxml/jackson/core/jackson-databind/2.15.0/jackson-databind-2.15.0.jar:/Users/o.d.galimov/.m2/repository/com/fasterxml/jackson/core/jackson-core/2.15.0/jackson-core-2.15.0.jar:/Users/o.d.galimov/.m2/repository/com/fasterxml/jackson/core/jackson-annotations/2.15.0/jackson-annotations-2.15.0.jar:/Users/o.d.galimov/.m2/repository/com/fasterxml/jackson/datatype/jackson-datatype-jsr310/2.15.0/jackson-datatype-jsr310-2.15.0.jar:/Users/o.d.galimov/.m2/repository/org/hibernate/orm/hibernate-jpamodelgen/6.1.7.Final/hibernate-jpamodelgen-6.1.7.Final.jar:/Users/o.d.galimov/.m2/repository/org/jboss/logging/jboss-logging/3.4.3.Final/jboss-logging-3.4.3.Final.jar:/Users/o.d.galimov/.m2/repository/org/glassfish/jaxb/jaxb-runtime/3.0.2/jaxb-runtime-3.0.2.jar:/Users/o.d.galimov/.m2/repository/com/sun/activation/jakarta.activation/2.0.1/jakarta.activation-2.0.1.jar:/Users/o.d.galimov/.m2/repository/org/glassfish/jaxb/jaxb-core/3.0.2/jaxb-core-3.0.2.jar:/Users/o.d.galimov/.m2/repository/org/glassfish/jaxb/txw2/3.0.2/txw2-3.0.2.jar:/Users/o.d.galimov/.m2/repository/com/sun/istack/istack-commons-runtime/4.0.1/istack-commons-runtime-4.0.1.jar:/Users/o.d.galimov/.m2/repository/jakarta/xml/bind/jakarta.xml.bind-api/4.0.1/jakarta.xml.bind-api-4.0.1.jar:/Users/o.d.galimov/.m2/repository/jakarta/activation/jakarta.activation-api/2.1.2/jakarta.activation-api-2.1.2.jar:/Users/o.d.galimov/.m2/repository/jakarta/persistence/jakarta.persistence-api/3.2.0/jakarta.persistence-api-3.2.0.jar:/Users/o.d.galimov/.m2/repository/org/hibernate/orm/hibernate-core/6.1.7.Final/hibernate-core-6.1.7.Final.jar:/Users/o.d.galimov/.m2/repository/jakarta/transaction/jakarta.transaction-api/2.0.0/jakarta.transaction-api-2.0.0.jar:/Users/o.d.galimov/.m2/repository/org/hibernate/common/hibernate-commons-annotations/6.0.6.Final/hibernate-commons-annotations-6.0.6.Final.jar:/Users/o.d.galimov/.m2/repository/org/jboss/jandex/2.4.2.Final/jandex-2.4.2.Final.jar:/Users/o.d.galimov/.m2/repository/com/fasterxml/classmate/1.5.1/classmate-1.5.1.jar:/Users/o.d.galimov/.m2/repository/net/bytebuddy/byte-buddy/1.12.18/byte-buddy-1.12.18.jar:/Users/o.d.galimov/.m2/repository/jakarta/inject/jakarta.inject-api/2.0.0/jakarta.inject-api-2.0.0.jar:/Users/o.d.galimov/.m2/repository/org/antlr/antlr4-runtime/4.10.1/antlr4-runtime-4.10.1.jar:/Users/o.d.galimov/.m2/repository/org/mapstruct/mapstruct/1.6.2/mapstruct-1.6.2.jar:/Users/o.d.galimov/.m2/repository/org/mapstruct/mapstruct-processor/1.6.2/mapstruct-processor-1.6.2.jar:/Users/o.d.galimov/.m2/repository/org/jeasy/easy-random-core/5.0.0/easy-random-core-5.0.0.jar:/Users/o.d.galimov/.m2/repository/org/objenesis/objenesis/3.1/objenesis-3.1.jar:/Users/o.d.galimov/.m2/repository/io/github/classgraph/classgraph/4.8.90/classgraph-4.8.90.jar:/Users/o.d.galimov/.m2/repository/com/h2database/h2/2.3.232/h2-2.3.232.jar:/Users/o.d.galimov/.m2/repository/org/junit/jupiter/junit-jupiter-api/5.11.1/junit-jupiter-api-5.11.1.jar:/Users/o.d.galimov/.m2/repository/org/opentest4j/opentest4j/1.3.0/opentest4j-1.3.0.jar:/Users/o.d.galimov/.m2/repository/org/junit/platform/junit-platform-commons/1.11.1/junit-platform-commons-1.11.1.jar:/Users/o.d.galimov/.m2/repository/org/apiguardian/apiguardian-api/1.1.2/apiguardian-api-1.1.2.jar:/Users/o.d.galimov/.m2/repository/org/junit/jupiter/junit-jupiter-engine/5.11.1/junit-jupiter-engine-5.11.1.jar:/Users/o.d.galimov/.m2/repository/org/junit/platform/junit-platform-engine/1.11.1/junit-platform-engine-1.11.1.jar:/Users/o.d.galimov/.m2/repository/org/springframework/spring-test/6.1.13/spring-test-6.1.13.jar:"/>
    <property name="java.vm.vendor" value="Eclipse Adoptium"/>
    <property name="sun.arch.data.model" value="64"/>
    <property name="java.vendor.url" value="https://adoptium.net/"/>
    <property name="os.name" value="Mac OS X"/>
    <property name="java.vm.specification.version" value="21"/>
    <property name="sun.java.launcher" value="SUN_STANDARD"/>
    <property name="user.country" value="RU"/>
    <property name="sun.boot.library.path" value="/Users/o.d.galimov/.sdkman/candidates/java/21.0.2-tem/lib"/>
    <property name="sun.java.command" value="/Users/o.d.galimov/Desktop/homework-3 2/target/surefire/surefirebooter8171761410980273868.jar /Users/o.d.galimov/Desktop/homework-3 2/target/surefire 2024-09-26T10-05-20_932-jvmRun1 surefire5529935418229160940tmp surefire_05483452724926843683tmp"/>
    <property name="jdk.debug" value="release"/>
    <property name="surefire.test.class.path" value="/Users/o.d.galimov/Desktop/homework-3 2/target/test-classes:/Users/o.d.galimov/Desktop/homework-3 2/target/classes:/Users/o.d.galimov/.m2/repository/org/springframework/spring-core/6.1.12/spring-core-6.1.12.jar:/Users/o.d.galimov/.m2/repository/org/springframework/spring-jcl/6.1.12/spring-jcl-6.1.12.jar:/Users/o.d.galimov/.m2/repository/org/springframework/spring-context/6.1.12/spring-context-6.1.12.jar:/Users/o.d.galimov/.m2/repository/org/springframework/spring-aop/6.1.12/spring-aop-6.1.12.jar:/Users/o.d.galimov/.m2/repository/org/springframework/spring-beans/6.1.12/spring-beans-6.1.12.jar:/Users/o.d.galimov/.m2/repository/org/springframework/spring-expression/6.1.12/spring-expression-6.1.12.jar:/Users/o.d.galimov/.m2/repository/io/micrometer/micrometer-observation/1.12.9/micrometer-observation-1.12.9.jar:/Users/o.d.galimov/.m2/repository/io/micrometer/micrometer-commons/1.12.9/micrometer-commons-1.12.9.jar:/Users/o.d.galimov/.m2/repository/org/springframework/spring-orm/6.1.12/spring-orm-6.1.12.jar:/Users/o.d.galimov/.m2/repository/org/springframework/spring-tx/6.1.12/spring-tx-6.1.12.jar:/Users/o.d.galimov/.m2/repository/org/springframework/spring-jdbc/6.1.12/spring-jdbc-6.1.12.jar:/Users/o.d.galimov/.m2/repository/org/projectlombok/lombok/1.18.34/lombok-1.18.34.jar:/Users/o.d.galimov/.m2/repository/org/liquibase/liquibase-core/4.5.0/liquibase-core-4.5.0.jar:/Users/o.d.galimov/.m2/repository/javax/xml/bind/jaxb-api/2.3.0/jaxb-api-2.3.0.jar:/Users/o.d.galimov/.m2/repository/org/postgresql/postgresql/42.3.0/postgresql-42.3.0.jar:/Users/o.d.galimov/.m2/repository/org/checkerframework/checker-qual/3.5.0/checker-qual-3.5.0.jar:/Users/o.d.galimov/.m2/repository/com/fasterxml/jackson/core/jackson-databind/2.15.0/jackson-databind-2.15.0.jar:/Users/o.d.galimov/.m2/repository/com/fasterxml/jackson/core/jackson-core/2.15.0/jackson-core-2.15.0.jar:/Users/o.d.galimov/.m2/repository/com/fasterxml/jackson/core/jackson-annotations/2.15.0/jackson-annotations-2.15.0.jar:/Users/o.d.galimov/.m2/repository/com/fasterxml/jackson/datatype/jackson-datatype-jsr310/2.15.0/jackson-datatype-jsr310-2.15.0.jar:/Users/o.d.galimov/.m2/repository/org/hibernate/orm/hibernate-jpamodelgen/6.1.7.Final/hibernate-jpamodelgen-6.1.7.Final.jar:/Users/o.d.galimov/.m2/repository/org/jboss/logging/jboss-logging/3.4.3.Final/jboss-logging-3.4.3.Final.jar:/Users/o.d.galimov/.m2/repository/org/glassfish/jaxb/jaxb-runtime/3.0.2/jaxb-runtime-3.0.2.jar:/Users/o.d.galimov/.m2/repository/com/sun/activation/jakarta.activation/2.0.1/jakarta.activation-2.0.1.jar:/Users/o.d.galimov/.m2/repository/org/glassfish/jaxb/jaxb-core/3.0.2/jaxb-core-3.0.2.jar:/Users/o.d.galimov/.m2/repository/org/glassfish/jaxb/txw2/3.0.2/txw2-3.0.2.jar:/Users/o.d.galimov/.m2/repository/com/sun/istack/istack-commons-runtime/4.0.1/istack-commons-runtime-4.0.1.jar:/Users/o.d.galimov/.m2/repository/jakarta/xml/bind/jakarta.xml.bind-api/4.0.1/jakarta.xml.bind-api-4.0.1.jar:/Users/o.d.galimov/.m2/repository/jakarta/activation/jakarta.activation-api/2.1.2/jakarta.activation-api-2.1.2.jar:/Users/o.d.galimov/.m2/repository/jakarta/persistence/jakarta.persistence-api/3.2.0/jakarta.persistence-api-3.2.0.jar:/Users/o.d.galimov/.m2/repository/org/hibernate/orm/hibernate-core/6.1.7.Final/hibernate-core-6.1.7.Final.jar:/Users/o.d.galimov/.m2/repository/jakarta/transaction/jakarta.transaction-api/2.0.0/jakarta.transaction-api-2.0.0.jar:/Users/o.d.galimov/.m2/repository/org/hibernate/common/hibernate-commons-annotations/6.0.6.Final/hibernate-commons-annotations-6.0.6.Final.jar:/Users/o.d.galimov/.m2/repository/org/jboss/jandex/2.4.2.Final/jandex-2.4.2.Final.jar:/Users/o.d.galimov/.m2/repository/com/fasterxml/classmate/1.5.1/classmate-1.5.1.jar:/Users/o.d.galimov/.m2/repository/net/bytebuddy/byte-buddy/1.12.18/byte-buddy-1.12.18.jar:/Users/o.d.galimov/.m2/repository/jakarta/inject/jakarta.inject-api/2.0.0/jakarta.inject-api-2.0.0.jar:/Users/o.d.galimov/.m2/repository/org/antlr/antlr4-runtime/4.10.1/antlr4-runtime-4.10.1.jar:/Users/o.d.galimov/.m2/repository/org/mapstruct/mapstruct/1.6.2/mapstruct-1.6.2.jar:/Users/o.d.galimov/.m2/repository/org/mapstruct/mapstruct-processor/1.6.2/mapstruct-processor-1.6.2.jar:/Users/o.d.galimov/.m2/repository/org/jeasy/easy-random-core/5.0.0/easy-random-core-5.0.0.jar:/Users/o.d.galimov/.m2/repository/org/objenesis/objenesis/3.1/objenesis-3.1.jar:/Users/o.d.galimov/.m2/repository/io/github/classgraph/classgraph/4.8.90/classgraph-4.8.90.jar:/Users/o.d.galimov/.m2/repository/com/h2database/h2/2.3.232/h2-2.3.232.jar:/Users/o.d.galimov/.m2/repository/org/junit/jupiter/junit-jupiter-api/5.11.1/junit-jupiter-api-5.11.1.jar:/Users/o.d.galimov/.m2/repository/org/opentest4j/opentest4j/1.3.0/opentest4j-1.3.0.jar:/Users/o.d.galimov/.m2/repository/org/junit/platform/junit-platform-commons/1.11.1/junit-platform-commons-1.11.1.jar:/Users/o.d.galimov/.m2/repository/org/apiguardian/apiguardian-api/1.1.2/apiguardian-api-1.1.2.jar:/Users/o.d.galimov/.m2/repository/org/junit/jupiter/junit-jupiter-engine/5.11.1/junit-jupiter-engine-5.11.1.jar:/Users/o.d.galimov/.m2/repository/org/junit/platform/junit-platform-engine/1.11.1/junit-platform-engine-1.11.1.jar:/Users/o.d.galimov/.m2/repository/org/springframework/spring-test/6.1.13/spring-test-6.1.13.jar:"/>
    <property name="sun.cpu.endian" value="little"/>
    <property name="user.home" value="/Users/o.d.galimov"/>
    <property name="user.language" value="ru"/>
    <property name="java.specification.vendor" value="Oracle Corporation"/>
    <property name="java.version.date" value="2024-01-16"/>
    <property name="java.home" value="/Users/o.d.galimov/.sdkman/candidates/java/21.0.2-tem"/>
    <property name="file.separator" value="/"/>
    <property name="basedir" value="/Users/o.d.galimov/Desktop/homework-3 2"/>
    <property name="java.vm.compressedOopsMode" value="Zero based"/>
    <property name="line.separator" value="&#10;"/>
    <property name="java.vm.specification.vendor" value="Oracle Corporation"/>
    <property name="java.specification.name" value="Java Platform API Specification"/>
    <property name="apple.awt.application.name" value="ForkedBooter"/>
    <property name="surefire.real.class.path" value="/Users/o.d.galimov/Desktop/homework-3 2/target/surefire/surefirebooter8171761410980273868.jar"/>
    <property name="sun.management.compiler" value="HotSpot 64-Bit Tiered Compilers"/>
    <property name="java.runtime.version" value="21.0.2+13-LTS"/>
    <property name="user.name" value="o.d.galimov"/>
    <property name="stdout.encoding" value="UTF-8"/>
    <property name="path.separator" value=":"/>
    <property name="os.version" value="14.6.1"/>
    <property name="java.runtime.name" value="OpenJDK Runtime Environment"/>
    <property name="file.encoding" value="UTF-8"/>
    <property name="java.vm.name" value="OpenJDK 64-Bit Server VM"/>
    <property name="java.vendor.version" value="Temurin-21.0.2+13"/>
    <property name="localRepository" value="/Users/o.d.galimov/.m2/repository"/>
    <property name="java.vendor.url.bug" value="https://github.com/adoptium/adoptium-support/issues"/>
    <property name="java.io.tmpdir" value="/var/folders/8w/f0t2wy3x4rd7y_1475s4wzx80000gq/T/"/>
    <property name="idea.version" value="2024.2.0.2"/>
    <property name="java.version" value="21.0.2"/>
    <property name="user.dir" value="/Users/o.d.galimov/Desktop/homework-3 2"/>
    <property name="os.arch" value="aarch64"/>
    <property name="java.vm.specification.name" value="Java Virtual Machine Specification"/>
    <property name="native.encoding" value="UTF-8"/>
    <property name="java.library.path" value="/Users/o.d.galimov/Library/Java/Extensions:/Library/Java/Extensions:/Network/Library/Java/Extensions:/System/Library/Java/Extensions:/usr/lib/java:."/>
    <property name="java.vm.info" value="mixed mode"/>
    <property name="stderr.encoding" value="UTF-8"/>
    <property name="java.vendor" value="Eclipse Adoptium"/>
    <property name="java.vm.version" value="21.0.2+13-LTS"/>
    <property name="sun.io.unicode.encoding" value="UnicodeBig"/>
    <property name="java.class.version" value="65.0"/>
  </properties>
  <testcase name="testCreateAccount" classname="com.alex.homework4example.repository.AccountRepositoryTest" time="0"/>
  <testcase name="testUpdateAccount" classname="com.alex.homework4example.repository.AccountRepositoryTest" time="0.002"/>
  <testcase name="testFindById" classname="com.alex.homework4example.repository.AccountRepositoryTest" time="0.003"/>
  <testcase name="testFindAllWithCustomerFetch" classname="com.alex.homework4example.repository.AccountRepositoryTest" time="0.015"/>
  <testcase name="testDeleteAccount" classname="com.alex.homework4example.repository.AccountRepositoryTest" time="0.006"/>
  <testcase name="testFindAllWithCustomerEntityGraph" classname="com.alex.homework4example.repository.AccountRepositoryTest" time="0.087"/>
  <testcase name="testFindAllWithCustomerFetchJPQL" classname="com.alex.homework4example.repository.AccountRepositoryTest" time="0.008"/>
</testsuite>